[debug] [2021-10-19T04:09:06.533Z] ----------------------------------------------------------------------
[debug] [2021-10-19T04:09:06.535Z] Command:       C:\Program Files\nodejs\node.exe C:\Users\Asus\AppData\Roaming\npm\node_modules\firebase-tools\lib\bin\firebase.js init
[debug] [2021-10-19T04:09:06.536Z] CLI Version:   9.20.0
[debug] [2021-10-19T04:09:06.536Z] Platform:      win32
[debug] [2021-10-19T04:09:06.536Z] Node Version:  v14.17.1
[debug] [2021-10-19T04:09:06.537Z] Time:          Tue Oct 19 2021 10:09:06 GMT+0600 (Bangladesh Standard Time)
[debug] [2021-10-19T04:09:06.537Z] ----------------------------------------------------------------------
[debug] 
[debug] [2021-10-19T04:09:06.544Z] > command requires scopes: ["email","openid","https://www.googleapis.com/auth/cloudplatformprojects.readonly","https://www.googleapis.com/auth/firebase","https://www.googleapis.com/auth/cloud-platform"]
[debug] [2021-10-19T04:09:06.544Z] > authorizing via signed-in user (xaveerarif@gmail.com)
[info] 
     ######## #### ########  ######## ########     ###     ######  ########
     ##        ##  ##     ## ##       ##     ##  ##   ##  ##       ##
     ######    ##  ########  ######   ########  #########  ######  ######
     ##        ##  ##    ##  ##       ##     ## ##     ##       ## ##
     ##       #### ##     ## ######## ########  ##     ##  ######  ########

You're about to initialize a Firebase project in this directory:

  E:\codding\Working-react-file\assignment-10

[info] 
=== Project Setup
[info] 
[info] First, let's associate this project directory with a Firebase project.
[info] You can create multiple project aliases by running firebase use --add, 
[info] but for now we'll just set up a default project.
[info] 
[debug] [2021-10-19T04:09:52.828Z] > refreshing access token with scopes: []
[debug] [2021-10-19T04:09:52.829Z] >>> HTTP REQUEST POST https://www.googleapis.com/oauth2/v3/token  
 <request body omitted>
[debug] [2021-10-19T04:12:06.182Z] Authentication Error: Your credentials are no longer valid. Please run firebase login --reauth

For CI servers and headless environments, generate a new token with firebase login:ci
[debug] [2021-10-19T04:12:06.199Z] FirebaseError: Authentication Error: Your credentials are no longer valid. Please run firebase login --reauth

For CI servers and headless environments, generate a new token with firebase login:ci
    at invalidCredentialError (C:\Users\Asus\AppData\Roaming\npm\node_modules\firebase-tools\lib\auth.js:141:12)
    at refreshTokens (C:\Users\Asus\AppData\Roaming\npm\node_modules\firebase-tools\lib\auth.js:448:15)
    at processTicksAndRejections (internal/process/task_queues.js:95:5)
    at async Client.getAccessToken (C:\Users\Asus\AppData\Roaming\npm\node_modules\firebase-tools\lib\apiv2.js:144:23)
    at async Client.addAuthHeader (C:\Users\Asus\AppData\Roaming\npm\node_modules\firebase-tools\lib\apiv2.js:135:21)
    at async Client.request (C:\Users\Asus\AppData\Roaming\npm\node_modules\firebase-tools\lib\apiv2.js:93:34)
    at async getProjectPage (C:\Users\Asus\AppData\Roaming\npm\node_modules\firebase-tools\lib\management\projects.js:233:17)
    at async getFirebaseProjectPage (C:\Users\Asus\AppData\Roaming\npm\node_modules\firebase-tools\lib\management\projects.js:250:23)
    at async selectProjectInteractively (C:\Users\Asus\AppData\Roaming\npm\node_modules\firebase-tools\lib\management\projects.js:95:41)
    at async Object.doSetup [as project] (C:\Users\Asus\AppData\Roaming\npm\node_modules\firebase-tools\lib\init\features\project.js:87:27)
    at async init (C:\Users\Asus\AppData\Roaming\npm\node_modules\firebase-tools\lib\init\index.js:19:9)
[error] 
[error] Error: Failed to list Firebase projects. See firebase-debug.log for more info.
[debug] [2021-10-19T04:35:13.396Z] ----------------------------------------------------------------------
[debug] [2021-10-19T04:35:13.399Z] Command:       C:\Program Files\nodejs\node.exe C:\Users\Asus\AppData\Roaming\npm\node_modules\firebase-tools\lib\bin\firebase.js login
[debug] [2021-10-19T04:35:13.399Z] CLI Version:   9.20.0
[debug] [2021-10-19T04:35:13.399Z] Platform:      win32
[debug] [2021-10-19T04:35:13.399Z] Node Version:  v14.17.1
[debug] [2021-10-19T04:35:13.401Z] Time:          Tue Oct 19 2021 10:35:13 GMT+0600 (Bangladesh Standard Time)
[debug] [2021-10-19T04:35:13.401Z] ----------------------------------------------------------------------
[debug] 
[info] Already logged in as xaveerarif@gmail.com
